<?xml version="1.0" encoding="UTF-8"?><testsuite errors="0" failures="0" name="com.bestbuy.storesinfo.StoreCURDTest" skipped="0" tests="5" time="15.19" timestamp="2021-07-20T22:15:15.496+01:00[Europe/London]"><testcase classname="com.bestbuy.storesinfo.StoreCURDTest" name="This test will create a new stores and verify its generated"/><testcase classname="com.bestbuy.storesinfo.StoreCURDTest" name="This test will get the stores information by ID"/><testcase classname="com.bestbuy.storesinfo.StoreCURDTest" name="This test will update the store information and verify the updated information"/><testcase classname="com.bestbuy.storesinfo.StoreCURDTest" name="This test will delete the store and verify the store is deleted "/><testcase classname="com.bestbuy.storesinfo.StoreCURDTest" name="This will get all stores"/></testsuite>