<?xml version="1.0" encoding="UTF-8"?><testsuite errors="0" failures="0" name="com.bestbuy.productinfo.ProductCURDTest" skipped="0" tests="5" time="13.2" timestamp="2021-07-21T18:18:44.810+01:00[Europe/London]"><testcase classname="com.bestbuy.productinfo.ProductCURDTest" name="This will create new product"/><testcase classname="com.bestbuy.productinfo.ProductCURDTest" name="This will read product- By product ID "/><testcase classname="com.bestbuy.productinfo.ProductCURDTest" name="This test will update the product information and verify the updated information"/><testcase classname="com.bestbuy.productinfo.ProductCURDTest" name="This will delete and verify if product is deleted"/><testcase classname="com.bestbuy.productinfo.ProductCURDTest" name="This will get all products"/></testsuite>