<?xml version="1.0" encoding="UTF-8"?><testsuite errors="0" failures="0" name="com.bestbuy.categoriesinfo.CategoriesCURDTest" skipped="0" tests="5" time="10.9" timestamp="2021-07-20T23:01:19.537+01:00[Europe/London]"><testcase classname="com.bestbuy.categoriesinfo.CategoriesCURDTest" name="This test will create a new categories and verify its generated"/><testcase classname="com.bestbuy.categoriesinfo.CategoriesCURDTest" name="This test will get the categories information by ID"/><testcase classname="com.bestbuy.categoriesinfo.CategoriesCURDTest" name="This test will update the categories information and verify the updated information"/><testcase classname="com.bestbuy.categoriesinfo.CategoriesCURDTest" name="This test will delete the categories information and verify the categories is deleted "/><testcase classname="com.bestbuy.categoriesinfo.CategoriesCURDTest" name="This will get all products"/></testsuite>